<?xml version="1.0" encoding="UTF-8"?>
<testsuite name="helloworld_tests.HelloWorldTest-20240228214558" tests="1" file="helloworld_tests.py" time="0.006" timestamp="2024-02-28T21:46:00" failures="0" errors="0" skipped="0">
	<testcase classname="helloworld_tests.HelloWorldTest" name="test_should_issue_hello_world_message" time="0.006" timestamp="2024-02-28T21:46:00"/>
</testsuite>
